<?xml version="1.0" encoding="UTF-8"?>
<testsuite xmlns:xsi="http://www.w3.org/2001/XMLSchema-instance" xsi:noNamespaceSchemaLocation="https://maven.apache.org/surefire/maven-surefire-plugin/xsd/surefire-test-report.xsd" name="ar.edu.unlp.info.oo2.facturacion_llamadas.EmpresaTest" time="0.023" tests="3" errors="0" skipped="0" failures="0">
  <properties>
[...]
</properties>
  <testcase name="testAgregarUsuario" classname="ar.edu.unlp.info.oo2.facturacion_llamadas.EmpresaTest" time="0.013"/>
  <testcase name="obtenerNumeroLibre" classname="ar.edu.unlp.info.oo2.facturacion_llamadas.EmpresaTest" time="0.002"/>
  <testcase name="testcalcularMontoTotalLlamadas" classname="ar.edu.unlp.info.oo2.facturacion_llamadas.EmpresaTest" time="0.002"/>
</testsuite>